Started GET "/" for ::1 at 2021-06-21 13:06:36 +0100
  
ActiveRecord::NoDatabaseError (FATAL:  database "twittter_development" does not exist
):
  
activerecord (6.1.3.2) lib/active_record/connection_adapters/postgresql_adapter.rb:81:in `rescue in new_client'
activerecord (6.1.3.2) lib/active_record/connection_adapters/postgresql_adapter.rb:77:in `new_client'
activerecord (6.1.3.2) lib/active_record/connection_adapters/postgresql_adapter.rb:37:in `postgresql_connection'
activerecord (6.1.3.2) lib/active_record/connection_adapters/abstract/connection_pool.rb:882:in `public_send'
activerecord (6.1.3.2) lib/active_record/connection_adapters/abstract/connection_pool.rb:882:in `new_connection'
activerecord (6.1.3.2) lib/active_record/connection_adapters/abstract/connection_pool.rb:926:in `checkout_new_connection'
activerecord (6.1.3.2) lib/active_record/connection_adapters/abstract/connection_pool.rb:905:in `try_to_checkout_new_connection'
activerecord (6.1.3.2) lib/active_record/connection_adapters/abstract/connection_pool.rb:866:in `acquire_connection'
activerecord (6.1.3.2) lib/active_record/connection_adapters/abstract/connection_pool.rb:588:in `checkout'
activerecord (6.1.3.2) lib/active_record/connection_adapters/abstract/connection_pool.rb:428:in `connection'
activerecord (6.1.3.2) lib/active_record/connection_adapters/abstract/connection_pool.rb:1128:in `retrieve_connection'
activerecord (6.1.3.2) lib/active_record/connection_handling.rb:327:in `retrieve_connection'
activerecord (6.1.3.2) lib/active_record/connection_handling.rb:283:in `connection'
activerecord (6.1.3.2) lib/active_record/migration.rb:611:in `connection'
activerecord (6.1.3.2) lib/active_record/migration.rb:606:in `build_watcher'
activerecord (6.1.3.2) lib/active_record/migration.rb:588:in `block in call'
activerecord (6.1.3.2) lib/active_record/migration.rb:587:in `synchronize'
activerecord (6.1.3.2) lib/active_record/migration.rb:587:in `call'
actionpack (6.1.3.2) lib/action_dispatch/middleware/callbacks.rb:27:in `block in call'
activesupport (6.1.3.2) lib/active_support/callbacks.rb:98:in `run_callbacks'
actionpack (6.1.3.2) lib/action_dispatch/middleware/callbacks.rb:26:in `call'
actionpack (6.1.3.2) lib/action_dispatch/middleware/executor.rb:14:in `call'
actionpack (6.1.3.2) lib/action_dispatch/middleware/actionable_exceptions.rb:18:in `call'
actionpack (6.1.3.2) lib/action_dispatch/middleware/debug_exceptions.rb:29:in `call'
web-console (4.1.0) lib/web_console/middleware.rb:132:in `call_app'
web-console (4.1.0) lib/web_console/middleware.rb:28:in `block in call'
web-console (4.1.0) lib/web_console/middleware.rb:17:in `catch'
web-console (4.1.0) lib/web_console/middleware.rb:17:in `call'
actionpack (6.1.3.2) lib/action_dispatch/middleware/show_exceptions.rb:33:in `call'
railties (6.1.3.2) lib/rails/rack/logger.rb:37:in `call_app'
railties (6.1.3.2) lib/rails/rack/logger.rb:26:in `block in call'
activesupport (6.1.3.2) lib/active_support/tagged_logging.rb:99:in `block in tagged'
activesupport (6.1.3.2) lib/active_support/tagged_logging.rb:37:in `tagged'
activesupport (6.1.3.2) lib/active_support/tagged_logging.rb:99:in `tagged'
railties (6.1.3.2) lib/rails/rack/logger.rb:26:in `call'
sprockets-rails (3.2.2) lib/sprockets/rails/quiet_assets.rb:13:in `call'
actionpack (6.1.3.2) lib/action_dispatch/middleware/remote_ip.rb:81:in `call'
actionpack (6.1.3.2) lib/action_dispatch/middleware/request_id.rb:26:in `call'
rack (2.2.3) lib/rack/method_override.rb:24:in `call'
rack (2.2.3) lib/rack/runtime.rb:22:in `call'
activesupport (6.1.3.2) lib/active_support/cache/strategy/local_cache_middleware.rb:29:in `call'
actionpack (6.1.3.2) lib/action_dispatch/middleware/executor.rb:14:in `call'
actionpack (6.1.3.2) lib/action_dispatch/middleware/static.rb:24:in `call'
rack (2.2.3) lib/rack/sendfile.rb:110:in `call'
actionpack (6.1.3.2) lib/action_dispatch/middleware/host_authorization.rb:98:in `call'
rack-mini-profiler (2.3.2) lib/mini_profiler/profiler.rb:384:in `call'
webpacker (5.4.0) lib/webpacker/dev_server_proxy.rb:25:in `perform_request'
rack-proxy (0.7.0) lib/rack/proxy.rb:63:in `call'
railties (6.1.3.2) lib/rails/engine.rb:539:in `call'
puma (5.3.2) lib/puma/configuration.rb:249:in `call'
puma (5.3.2) lib/puma/request.rb:77:in `block in handle_request'
puma (5.3.2) lib/puma/thread_pool.rb:338:in `with_force_shutdown'
puma (5.3.2) lib/puma/request.rb:76:in `handle_request'
puma (5.3.2) lib/puma/server.rb:438:in `process_client'
puma (5.3.2) lib/puma/thread_pool.rb:145:in `block in spawn_thread'
  [1m[35m (3212.2ms)[0m  [1m[35mCREATE DATABASE "twittter_development" ENCODING = 'unicode'[0m
  [1m[35m (992.6ms)[0m  [1m[35mCREATE DATABASE "twittter_test" ENCODING = 'unicode'[0m
Started GET "/" for ::1 at 2021-06-21 13:12:57 +0100
Processing by Rails::WelcomeController#index as HTML
  Rendering /home/jamezjaz/.rbenv/versions/2.7.2/lib/ruby/gems/2.7.0/gems/railties-6.1.3.2/lib/rails/templates/rails/welcome/index.html.erb
  Rendered /home/jamezjaz/.rbenv/versions/2.7.2/lib/ruby/gems/2.7.0/gems/railties-6.1.3.2/lib/rails/templates/rails/welcome/index.html.erb (Duration: 39.3ms | Allocations: 336)
Completed 200 OK in 137ms (Views: 72.1ms | ActiveRecord: 0.0ms | Allocations: 2843)


Started GET "/" for ::1 at 2021-06-21 13:39:24 +0100
Processing by Rails::WelcomeController#index as HTML
  Rendering /home/jamezjaz/.rbenv/versions/2.7.2/lib/ruby/gems/2.7.0/gems/railties-6.1.3.2/lib/rails/templates/rails/welcome/index.html.erb
  Rendered /home/jamezjaz/.rbenv/versions/2.7.2/lib/ruby/gems/2.7.0/gems/railties-6.1.3.2/lib/rails/templates/rails/welcome/index.html.erb (Duration: 28.3ms | Allocations: 336)
Completed 200 OK in 76ms (Views: 30.4ms | ActiveRecord: 0.0ms | Allocations: 2439)


  [1m[35m (663.7ms)[0m  [1m[35mCREATE TABLE "schema_migrations" ("version" character varying NOT NULL PRIMARY KEY)[0m
  [1m[35m (124.1ms)[0m  [1m[35mCREATE TABLE "ar_internal_metadata" ("key" character varying NOT NULL PRIMARY KEY, "value" character varying, "created_at" timestamp(6) NOT NULL, "updated_at" timestamp(6) NOT NULL)[0m
  [1m[35m (0.4ms)[0m  [1m[34mSELECT pg_try_advisory_lock(150862528989107565)[0m
  [1m[35m (0.8ms)[0m  [1m[34mSELECT "schema_migrations"."version" FROM "schema_migrations" ORDER BY "schema_migrations"."version" ASC[0m
Migrating to CreateTweeets (20210621163935)
  [1m[36mTRANSACTION (0.3ms)[0m  [1m[35mBEGIN[0m
  [1m[35m (124.7ms)[0m  [1m[35mCREATE TABLE "tweeets" ("id" bigserial primary key, "tweeet" text, "created_at" timestamp(6) NOT NULL, "updated_at" timestamp(6) NOT NULL)[0m
  [1m[36mActiveRecord::SchemaMigration Create (1.0ms)[0m  [1m[32mINSERT INTO "schema_migrations" ("version") VALUES ($1) RETURNING "version"[0m  [["version", "20210621163935"]]
  [1m[36mTRANSACTION (15.4ms)[0m  [1m[35mCOMMIT[0m
  [1m[36mActiveRecord::InternalMetadata Load (0.6ms)[0m  [1m[34mSELECT "ar_internal_metadata".* FROM "ar_internal_metadata" WHERE "ar_internal_metadata"."key" = $1 LIMIT $2[0m  [["key", "environment"], ["LIMIT", 1]]
  [1m[36mTRANSACTION (0.3ms)[0m  [1m[35mBEGIN[0m
  [1m[36mActiveRecord::InternalMetadata Create (1.1ms)[0m  [1m[32mINSERT INTO "ar_internal_metadata" ("key", "value", "created_at", "updated_at") VALUES ($1, $2, $3, $4) RETURNING "key"[0m  [["key", "environment"], ["value", "development"], ["created_at", "2021-06-21 16:45:40.459861"], ["updated_at", "2021-06-21 16:45:40.459861"]]
  [1m[36mTRANSACTION (13.4ms)[0m  [1m[35mCOMMIT[0m
  [1m[35m (0.7ms)[0m  [1m[34mSELECT pg_advisory_unlock(150862528989107565)[0m
  [1m[35m (6.7ms)[0m  [1m[34mSELECT "schema_migrations"."version" FROM "schema_migrations" ORDER BY "schema_migrations"."version" ASC[0m
Started GET "/" for ::1 at 2021-06-21 17:46:14 +0100
  [1m[35m (2.0ms)[0m  [1m[34mSELECT "schema_migrations"."version" FROM "schema_migrations" ORDER BY "schema_migrations"."version" ASC[0m
Processing by Rails::WelcomeController#index as HTML
  Rendering /home/jamezjaz/.rbenv/versions/2.7.2/lib/ruby/gems/2.7.0/gems/railties-6.1.3.2/lib/rails/templates/rails/welcome/index.html.erb
  Rendered /home/jamezjaz/.rbenv/versions/2.7.2/lib/ruby/gems/2.7.0/gems/railties-6.1.3.2/lib/rails/templates/rails/welcome/index.html.erb (Duration: 84.4ms | Allocations: 336)
Completed 200 OK in 562ms (Views: 149.7ms | ActiveRecord: 0.0ms | Allocations: 2453)


Started GET "/new" for ::1 at 2021-06-21 17:46:29 +0100
  
ActionController::RoutingError (No route matches [GET] "/new"):
  
Started GET "/" for ::1 at 2021-06-21 17:54:20 +0100
Processing by TweeetsController#index as HTML
  Rendering layout layouts/application.html.erb
  Rendering tweeets/index.html.erb within layouts/application
  [1m[36mTweeet Load (1.4ms)[0m  [1m[34mSELECT "tweeets".* FROM "tweeets"[0m
  ↳ app/views/tweeets/index.html.erb:14
  Rendered tweeets/index.html.erb within layouts/application (Duration: 25.1ms | Allocations: 4495)
[Webpacker] Compiling...
Started GET "/new" for ::1 at 2021-06-21 17:54:27 +0100
[Webpacker] Compiled all packs in /home/jamezjaz/Personal_Projects/Twittter/public/packs
[Webpacker] Though the "loose" option was set to "false" in your @babel/preset-env config, it will not be used for @babel/plugin-proposal-private-methods since the "loose" mode option was set to "true" for @babel/plugin-proposal-class-properties.
The "loose" option must be the same for @babel/plugin-proposal-class-properties, @babel/plugin-proposal-private-methods and @babel/plugin-proposal-private-property-in-object (when they are enabled): you can silence this warning by explicitly adding
	["@babel/plugin-proposal-private-methods", { "loose": true }]
to the "plugins" section of your Babel config.
Though the "loose" option was set to "false" in your @babel/preset-env config, it will not be used for @babel/plugin-proposal-private-methods since the "loose" mode option was set to "true" for @babel/plugin-proposal-class-properties.
The "loose" option must be the same for @babel/plugin-proposal-class-properties, @babel/plugin-proposal-private-methods and @babel/plugin-proposal-private-property-in-object (when they are enabled): you can silence this warning by explicitly adding
	["@babel/plugin-proposal-private-methods", { "loose": true }]
to the "plugins" section of your Babel config.
Though the "loose" option was set to "false" in your @babel/preset-env config, it will not be used for @babel/plugin-proposal-private-methods since the "loose" mode option was set to "true" for @babel/plugin-proposal-class-properties.
The "loose" option must be the same for @babel/plugin-proposal-class-properties, @babel/plugin-proposal-private-methods and @babel/plugin-proposal-private-property-in-object (when they are enabled): you can silence this warning by explicitly adding
	["@babel/plugin-proposal-private-methods", { "loose": true }]
to the "plugins" section of your Babel config.
Though the "loose" option was set to "false" in your @babel/preset-env config, it will not be used for @babel/plugin-proposal-private-methods since the "loose" mode option was set to "true" for @babel/plugin-proposal-class-properties.
The "loose" option must be the same for @babel/plugin-proposal-class-properties, @babel/plugin-proposal-private-methods and @babel/plugin-proposal-private-property-in-object (when they are enabled): you can silence this warning by explicitly adding
	["@babel/plugin-proposal-private-methods", { "loose": true }]
to the "plugins" section of your Babel config.
Though the "loose" option was set to "false" in your @babel/preset-env config, it will not be used for @babel/plugin-proposal-private-methods since the "loose" mode option was set to "true" for @babel/plugin-proposal-class-properties.
The "loose" option must be the same for @babel/plugin-proposal-class-properties, @babel/plugin-proposal-private-methods and @babel/plugin-proposal-private-property-in-object (when they are enabled): you can silence this warning by explicitly adding
	["@babel/plugin-proposal-private-methods", { "loose": true }]
to the "plugins" section of your Babel config.
Though the "loose" option was set to "false" in your @babel/preset-env config, it will not be used for @babel/plugin-proposal-private-methods since the "loose" mode option was set to "true" for @babel/plugin-proposal-class-properties.
The "loose" option must be the same for @babel/plugin-proposal-class-properties, @babel/plugin-proposal-private-methods and @babel/plugin-proposal-private-property-in-object (when they are enabled): you can silence this warning by explicitly adding
	["@babel/plugin-proposal-private-methods", { "loose": true }]
to the "plugins" section of your Babel config.

[Webpacker] Hash: ce14c115e350524bb5a9
Version: webpack 4.46.0
Time: 14835ms
Built at: 06/21/2021 5:54:51 PM
                                     Asset       Size       Chunks                         Chunk Names
    js/application-b43fa54005da8e229d8c.js    125 KiB  application  [emitted] [immutable]  application
js/application-b43fa54005da8e229d8c.js.map    139 KiB  application  [emitted] [dev]        application
                             manifest.json  364 bytes               [emitted]              
Entrypoint application = js/application-b43fa54005da8e229d8c.js js/application-b43fa54005da8e229d8c.js.map
[./app/javascript/channels sync recursive _channel\.js$] ./app/javascript/channels sync _channel\.js$ 160 bytes {application} [built]
[./app/javascript/channels/index.js] 211 bytes {application} [built]
[./app/javascript/packs/application.js] 492 bytes {application} [built]
[./node_modules/webpack/buildin/module.js] (webpack)/buildin/module.js 552 bytes {application} [built]
    + 3 hidden modules

  Rendered layout layouts/application.html.erb (Duration: 32406.4ms | Allocations: 26698)
Completed 200 OK in 32469ms (Views: 32465.6ms | ActiveRecord: 14.5ms | Allocations: 28216)


  
ActionController::RoutingError (No route matches [GET] "/new"):
  
Started GET "/" for ::1 at 2021-06-21 17:54:52 +0100
Processing by TweeetsController#index as HTML
  Rendering layout layouts/application.html.erb
  Rendering tweeets/index.html.erb within layouts/application
  [1m[36mTweeet Load (2.0ms)[0m  [1m[34mSELECT "tweeets".* FROM "tweeets"[0m
  ↳ app/views/tweeets/index.html.erb:14
  Rendered tweeets/index.html.erb within layouts/application (Duration: 6.8ms | Allocations: 901)
[Webpacker] Everything's up-to-date. Nothing to do
  Rendered layout layouts/application.html.erb (Duration: 16.6ms | Allocations: 4066)
Completed 200 OK in 24ms (Views: 17.9ms | ActiveRecord: 2.0ms | Allocations: 6464)


Started GET "/tweeets/new" for ::1 at 2021-06-21 17:55:06 +0100
Processing by TweeetsController#new as HTML
  Rendering layout layouts/application.html.erb
  Rendering tweeets/new.html.erb within layouts/application
  Rendered tweeets/_form.html.erb (Duration: 103.6ms | Allocations: 5553)
  Rendered tweeets/new.html.erb within layouts/application (Duration: 105.5ms | Allocations: 5897)
[Webpacker] Everything's up-to-date. Nothing to do
  Rendered layout layouts/application.html.erb (Duration: 113.0ms | Allocations: 8801)
Completed 200 OK in 146ms (Views: 114.1ms | ActiveRecord: 20.3ms | Allocations: 12405)


Started POST "/tweeets" for ::1 at 2021-06-21 17:55:35 +0100
Processing by TweeetsController#create as HTML
  Parameters: {"authenticity_token"=>"[FILTERED]", "tweeet"=>{"tweeet"=>"This is my first tweet..."}, "commit"=>"Create Tweeet"}
  [1m[36mTRANSACTION (1.8ms)[0m  [1m[35mBEGIN[0m
  ↳ app/controllers/tweeets_controller.rb:27:in `block in create'
  [1m[36mTweeet Create (2.8ms)[0m  [1m[32mINSERT INTO "tweeets" ("tweeet", "created_at", "updated_at") VALUES ($1, $2, $3) RETURNING "id"[0m  [["tweeet", "This is my first tweet..."], ["created_at", "2021-06-21 16:55:35.031436"], ["updated_at", "2021-06-21 16:55:35.031436"]]
  ↳ app/controllers/tweeets_controller.rb:27:in `block in create'
  [1m[36mTRANSACTION (51.2ms)[0m  [1m[35mCOMMIT[0m
  ↳ app/controllers/tweeets_controller.rb:27:in `block in create'
Redirected to http://localhost:3000/tweeets/1
Completed 302 Found in 68ms (ActiveRecord: 55.8ms | Allocations: 2843)


Started GET "/tweeets/1" for ::1 at 2021-06-21 17:55:35 +0100
Processing by TweeetsController#show as HTML
  Parameters: {"id"=>"1"}
  [1m[36mTweeet Load (1.7ms)[0m  [1m[34mSELECT "tweeets".* FROM "tweeets" WHERE "tweeets"."id" = $1 LIMIT $2[0m  [["id", 1], ["LIMIT", 1]]
  ↳ app/controllers/tweeets_controller.rb:62:in `set_tweeet'
  Rendering layout layouts/application.html.erb
  Rendering tweeets/show.html.erb within layouts/application
  Rendered tweeets/show.html.erb within layouts/application (Duration: 1.1ms | Allocations: 247)
[Webpacker] Everything's up-to-date. Nothing to do
  Rendered layout layouts/application.html.erb (Duration: 8.1ms | Allocations: 3181)
Completed 200 OK in 101ms (Views: 9.1ms | ActiveRecord: 3.4ms | Allocations: 6516)


Started GET "/tweeets/1/edit" for ::1 at 2021-06-21 17:55:40 +0100
Processing by TweeetsController#edit as HTML
  Parameters: {"id"=>"1"}
  [1m[36mTweeet Load (1.3ms)[0m  [1m[34mSELECT "tweeets".* FROM "tweeets" WHERE "tweeets"."id" = $1 LIMIT $2[0m  [["id", 1], ["LIMIT", 1]]
  ↳ app/controllers/tweeets_controller.rb:62:in `set_tweeet'
  Rendering layout layouts/application.html.erb
  Rendering tweeets/edit.html.erb within layouts/application
  Rendered tweeets/_form.html.erb (Duration: 2.5ms | Allocations: 549)
  Rendered tweeets/edit.html.erb within layouts/application (Duration: 5.6ms | Allocations: 805)
[Webpacker] Everything's up-to-date. Nothing to do
  Rendered layout layouts/application.html.erb (Duration: 20.3ms | Allocations: 3799)
Completed 200 OK in 27ms (Views: 21.3ms | ActiveRecord: 1.3ms | Allocations: 5018)


Started PATCH "/tweeets/1" for ::1 at 2021-06-21 17:55:47 +0100
Processing by TweeetsController#update as HTML
  Parameters: {"authenticity_token"=>"[FILTERED]", "tweeet"=>{"tweeet"=>"This is my first tweet...\r\nYah!"}, "commit"=>"Update Tweeet", "id"=>"1"}
  [1m[36mTweeet Load (1.8ms)[0m  [1m[34mSELECT "tweeets".* FROM "tweeets" WHERE "tweeets"."id" = $1 LIMIT $2[0m  [["id", 1], ["LIMIT", 1]]
  ↳ app/controllers/tweeets_controller.rb:62:in `set_tweeet'
  [1m[36mTRANSACTION (1.9ms)[0m  [1m[35mBEGIN[0m
  ↳ app/controllers/tweeets_controller.rb:40:in `block in update'
  [1m[36mTweeet Update (22.0ms)[0m  [1m[33mUPDATE "tweeets" SET "tweeet" = $1, "updated_at" = $2 WHERE "tweeets"."id" = $3[0m  [["tweeet", "This is my first tweet...\r\nYah!"], ["updated_at", "2021-06-21 16:55:47.294839"], ["id", 1]]
  ↳ app/controllers/tweeets_controller.rb:40:in `block in update'
  [1m[36mTRANSACTION (12.6ms)[0m  [1m[35mCOMMIT[0m
  ↳ app/controllers/tweeets_controller.rb:40:in `block in update'
Redirected to http://localhost:3000/tweeets/1
Completed 302 Found in 55ms (ActiveRecord: 38.3ms | Allocations: 3215)


Started GET "/tweeets/1" for ::1 at 2021-06-21 17:55:47 +0100
Processing by TweeetsController#show as HTML
  Parameters: {"id"=>"1"}
  [1m[36mTweeet Load (0.9ms)[0m  [1m[34mSELECT "tweeets".* FROM "tweeets" WHERE "tweeets"."id" = $1 LIMIT $2[0m  [["id", 1], ["LIMIT", 1]]
  ↳ app/controllers/tweeets_controller.rb:62:in `set_tweeet'
  Rendering layout layouts/application.html.erb
  Rendering tweeets/show.html.erb within layouts/application
  Rendered tweeets/show.html.erb within layouts/application (Duration: 0.6ms | Allocations: 103)
[Webpacker] Everything's up-to-date. Nothing to do
  Rendered layout layouts/application.html.erb (Duration: 8.3ms | Allocations: 3092)
Completed 200 OK in 14ms (Views: 9.1ms | ActiveRecord: 0.9ms | Allocations: 4171)


Started GET "/tweeets" for ::1 at 2021-06-21 17:55:50 +0100
Processing by TweeetsController#index as HTML
  Rendering layout layouts/application.html.erb
  Rendering tweeets/index.html.erb within layouts/application
  [1m[36mTweeet Load (2.6ms)[0m  [1m[34mSELECT "tweeets".* FROM "tweeets"[0m
  ↳ app/views/tweeets/index.html.erb:14
  Rendered tweeets/index.html.erb within layouts/application (Duration: 8.2ms | Allocations: 989)
[Webpacker] Everything's up-to-date. Nothing to do
  Rendered layout layouts/application.html.erb (Duration: 20.2ms | Allocations: 4560)
Completed 200 OK in 25ms (Views: 20.9ms | ActiveRecord: 2.6ms | Allocations: 4955)


Started GET "/tweeets/new" for ::1 at 2021-06-21 17:55:55 +0100
Processing by TweeetsController#new as HTML
  Rendering layout layouts/application.html.erb
  Rendering tweeets/new.html.erb within layouts/application
  Rendered tweeets/_form.html.erb (Duration: 2.5ms | Allocations: 493)
  Rendered tweeets/new.html.erb within layouts/application (Duration: 3.2ms | Allocations: 599)
[Webpacker] Everything's up-to-date. Nothing to do
  Rendered layout layouts/application.html.erb (Duration: 16.3ms | Allocations: 3593)
Completed 200 OK in 19ms (Views: 18.1ms | ActiveRecord: 0.0ms | Allocations: 3993)


Started POST "/tweeets" for ::1 at 2021-06-21 17:56:11 +0100
Processing by TweeetsController#create as HTML
  Parameters: {"authenticity_token"=>"[FILTERED]", "tweeet"=>{"tweeet"=>"This is my second tweet!!"}, "commit"=>"Create Tweeet"}
  [1m[36mTRANSACTION (1.9ms)[0m  [1m[35mBEGIN[0m
  ↳ app/controllers/tweeets_controller.rb:27:in `block in create'
  [1m[36mTweeet Create (2.0ms)[0m  [1m[32mINSERT INTO "tweeets" ("tweeet", "created_at", "updated_at") VALUES ($1, $2, $3) RETURNING "id"[0m  [["tweeet", "This is my second tweet!!"], ["created_at", "2021-06-21 16:56:11.254486"], ["updated_at", "2021-06-21 16:56:11.254486"]]
  ↳ app/controllers/tweeets_controller.rb:27:in `block in create'
  [1m[36mTRANSACTION (41.2ms)[0m  [1m[35mCOMMIT[0m
  ↳ app/controllers/tweeets_controller.rb:27:in `block in create'
Redirected to http://localhost:3000/tweeets/2
Completed 302 Found in 57ms (ActiveRecord: 45.1ms | Allocations: 2629)


Started GET "/tweeets/2" for ::1 at 2021-06-21 17:56:11 +0100
Processing by TweeetsController#show as HTML
  Parameters: {"id"=>"2"}
  [1m[36mTweeet Load (1.4ms)[0m  [1m[34mSELECT "tweeets".* FROM "tweeets" WHERE "tweeets"."id" = $1 LIMIT $2[0m  [["id", 2], ["LIMIT", 1]]
  ↳ app/controllers/tweeets_controller.rb:62:in `set_tweeet'
  Rendering layout layouts/application.html.erb
  Rendering tweeets/show.html.erb within layouts/application
  Rendered tweeets/show.html.erb within layouts/application (Duration: 0.4ms | Allocations: 101)
[Webpacker] Everything's up-to-date. Nothing to do
  Rendered layout layouts/application.html.erb (Duration: 7.3ms | Allocations: 3092)
Completed 200 OK in 14ms (Views: 8.3ms | ActiveRecord: 1.4ms | Allocations: 4172)


Started GET "/tweeets" for ::1 at 2021-06-21 17:56:20 +0100
Processing by TweeetsController#index as HTML
  Rendering layout layouts/application.html.erb
  Rendering tweeets/index.html.erb within layouts/application
  [1m[36mTweeet Load (1.6ms)[0m  [1m[34mSELECT "tweeets".* FROM "tweeets"[0m
  ↳ app/views/tweeets/index.html.erb:14
  Rendered tweeets/index.html.erb within layouts/application (Duration: 6.7ms | Allocations: 1086)
[Webpacker] Everything's up-to-date. Nothing to do
  Rendered layout layouts/application.html.erb (Duration: 16.5ms | Allocations: 4075)
Completed 200 OK in 20ms (Views: 15.7ms | ActiveRecord: 1.6ms | Allocations: 4470)


Started GET "/" for ::1 at 2021-06-21 20:14:44 +0100
  [1m[35m (89.7ms)[0m  [1m[34mSELECT "schema_migrations"."version" FROM "schema_migrations" ORDER BY "schema_migrations"."version" ASC[0m
Processing by TweeetsController#index as HTML
  Rendering layout layouts/application.html.erb
  Rendering tweeets/index.html.erb within layouts/application
  [1m[36mTweeet Load (45.0ms)[0m  [1m[34mSELECT "tweeets".* FROM "tweeets"[0m
  ↳ app/views/tweeets/index.html.erb:14
  Rendered tweeets/index.html.erb within layouts/application (Duration: 187.3ms | Allocations: 4367)
[Webpacker] Compiling...
[Webpacker] Compilation failed:
Hash: 269be077ba6c9e663d11
Version: webpack 4.46.0
Time: 34704ms
Built at: 06/21/2021 8:15:35 PM
                                     Asset       Size       Chunks                         Chunk Names
    js/application-94d590aae0283b4fec28.js   1010 KiB  application  [emitted] [immutable]  application
js/application-94d590aae0283b4fec28.js.map   1.06 MiB  application  [emitted] [dev]        application
                             manifest.json  364 bytes               [emitted]              
Entrypoint application = js/application-94d590aae0283b4fec28.js js/application-94d590aae0283b4fec28.js.map
[./app/javascript/channels sync recursive _channel\.js$] ./app/javascript/channels sync _channel\.js$ 160 bytes {application} [built]
[./app/javascript/channels/index.js] 211 bytes {application} [built]
[./app/javascript/packs/application.js] 549 bytes {application} [built]
[./app/javascript/stylesheets/application.scss] 664 bytes {application} [built]
[./node_modules/css-loader/dist/cjs.js?!./node_modules/postcss-loader/src/index.js?!./node_modules/sass-loader/dist/cjs.js?!./app/javascript/stylesheets/application.scss] ./node_modules/css-loader/dist/cjs.js??ref--6-1!./node_modules/postcss-loader/src??ref--6-2!./node_modules/sass-loader/dist/cjs.js??ref--6-3!./app/javascript/stylesheets/application.scss 708 KiB {application} [built]
[./node_modules/webpack/buildin/module.js] (webpack)/buildin/module.js 552 bytes {application} [built]
    + 6 hidden modules

ERROR in ./node_modules/bootstrap/dist/js/bootstrap.esm.js
Module not found: Error: Can't resolve '@popperjs/core' in '/home/jamezjaz/Personal_Projects/Twittter/node_modules/bootstrap/dist/js'
 @ ./node_modules/bootstrap/dist/js/bootstrap.esm.js 58:0-41 2269:19-25 2288:23-42 3927:15-21 4057:23-42
 @ ./app/javascript/packs/application.js


Though the "loose" option was set to "false" in your @babel/preset-env config, it will not be used for @babel/plugin-proposal-private-methods since the "loose" mode option was set to "true" for @babel/plugin-proposal-class-properties.
The "loose" option must be the same for @babel/plugin-proposal-class-properties, @babel/plugin-proposal-private-methods and @babel/plugin-proposal-private-property-in-object (when they are enabled): you can silence this warning by explicitly adding
	["@babel/plugin-proposal-private-methods", { "loose": true }]
to the "plugins" section of your Babel config.
DEPRECATION WARNING: Using / for division is deprecated and will be removed in Dart Sass 2.0.0.

Recommendation: math.div($spacer, 4)

More info and automated migrator: https://sass-lang.com/d/slash-div

    ╷
253 │   1: $spacer / 4,
    │      ^^^^^^^^^^^
    ╵
    node_modules/bootstrap/scss/_variables.scss 253:6  @import
    node_modules/bootstrap/scss/bootstrap.scss 11:9    @import
    app/javascript/stylesheets/application.scss 1:9    root stylesheet

DEPRECATION WARNING: Using / for division is deprecated and will be removed in Dart Sass 2.0.0.

Recommendation: math.div($spacer, 2)

More info and automated migrator: https://sass-lang.com/d/slash-div

    ╷
254 │   2: $spacer / 2,
    │      ^^^^^^^^^^^
    ╵
    node_modules/bootstrap/scss/_variables.scss 254:6  @import
    node_modules/bootstrap/scss/bootstrap.scss 11:9    @import
    app/javascript/stylesheets/application.scss 1:9    root stylesheet

DEPRECATION WARNING: Using / for division is deprecated and will be removed in Dart Sass 2.0.0.

Recommendation: math.div($grid-gutter-width, 2)

More info and automated migrator: https://sass-lang.com/d/slash-div

    ╷
353 │ $container-padding-x: $grid-gutter-width / 2 !default;
    │                       ^^^^^^^^^^^^^^^^^^^^^^
    ╵
    node_modules/bootstrap/scss/_variables.scss 353:23  @import
    node_modules/bootstrap/scss/bootstrap.scss 11:9     @import
    app/javascript/stylesheets/application.scss 1:9     root stylesheet

DEPRECATION WARNING: Using / for division is deprecated and will be removed in Dart Sass 2.0.0.

Recommendation: math.div($spacer, 2)

More info and automated migrator: https://sass-lang.com/d/slash-div

    ╷
464 │ $headings-margin-bottom:      $spacer / 2 !default;
    │                               ^^^^^^^^^^^
    ╵
    node_modules/bootstrap/scss/_variables.scss 464:31  @import
    node_modules/bootstrap/scss/bootstrap.scss 11:9     @import
    app/javascript/stylesheets/application.scss 1:9     root stylesheet

DEPRECATION WARNING: Using / for division is deprecated and will be removed in Dart Sass 2.0.0.

Recommendation: math.div($input-padding-y, 2)

More info and automated migrator: https://sass-lang.com/d/slash-div

    ╷
720 │ $input-height-inner-quarter:            add($input-line-height * .25em, $input-padding-y / 2) !default;
    │                                                                         ^^^^^^^^^^^^^^^^^^^^
    ╵
    node_modules/bootstrap/scss/_variables.scss 720:73  @import
    node_modules/bootstrap/scss/bootstrap.scss 11:9     @import
    app/javascript/stylesheets/application.scss 1:9     root stylesheet

WARNING: 71 repetitive deprecation warnings omitted.

Though the "loose" option was set to "false" in your @babel/preset-env config, it will not be used for @babel/plugin-proposal-private-methods since the "loose" mode option was set to "true" for @babel/plugin-proposal-class-properties.
The "loose" option must be the same for @babel/plugin-proposal-class-properties, @babel/plugin-proposal-private-methods and @babel/plugin-proposal-private-property-in-object (when they are enabled): you can silence this warning by explicitly adding
	["@babel/plugin-proposal-private-methods", { "loose": true }]
to the "plugins" section of your Babel config.
Though the "loose" option was set to "false" in your @babel/preset-env config, it will not be used for @babel/plugin-proposal-private-methods since the "loose" mode option was set to "true" for @babel/plugin-proposal-class-properties.
The "loose" option must be the same for @babel/plugin-proposal-class-properties, @babel/plugin-proposal-private-methods and @babel/plugin-proposal-private-property-in-object (when they are enabled): you can silence this warning by explicitly adding
	["@babel/plugin-proposal-private-methods", { "loose": true }]
to the "plugins" section of your Babel config.

  Rendered layout layouts/application.html.erb (Duration: 51028.6ms | Allocations: 11030)
Completed 200 OK in 51312ms (Views: 50948.3ms | ActiveRecord: 143.9ms | Allocations: 13899)


Started GET "/" for ::1 at 2021-06-21 20:18:11 +0100
Processing by TweeetsController#index as HTML
  Rendering layout layouts/application.html.erb
  Rendering tweeets/index.html.erb within layouts/application
  [1m[36mTweeet Load (65.6ms)[0m  [1m[34mSELECT "tweeets".* FROM "tweeets"[0m
  ↳ app/views/tweeets/index.html.erb:14
  Rendered tweeets/index.html.erb within layouts/application (Duration: 899.1ms | Allocations: 1327)
[Webpacker] Everything's up-to-date. Nothing to do
  Rendered layout layouts/application.html.erb (Duration: 1041.5ms | Allocations: 4503)
Completed 200 OK in 1093ms (Views: 1024.0ms | ActiveRecord: 65.6ms | Allocations: 5622)


Started GET "/tweeets/new" for ::1 at 2021-06-21 20:18:18 +0100
Processing by TweeetsController#new as HTML
  Rendering layout layouts/application.html.erb
  Rendering tweeets/new.html.erb within layouts/application
  Rendered tweeets/_form.html.erb (Duration: 150.6ms | Allocations: 3345)
  Rendered tweeets/new.html.erb within layouts/application (Duration: 179.6ms | Allocations: 3678)
  Rendered layout layouts/application.html.erb (Duration: 180.0ms | Allocations: 3743)
Completed 500 Internal Server Error in 183ms (ActiveRecord: 0.0ms | Allocations: 4250)


  
ActionView::SyntaxErrorInTemplate (Encountered a syntax error while rendering template: check <%= form_with(model: tweeet) do |form| %>
  <% if tweeet.errors.any? %>
    <div id="error_explanation">
      <h2><%= pluralize(tweeet.errors.count, "error") %> prohibited this tweeet from being saved:</h2>

      <ul>
        <% tweeet.errors.each do |error| %>
          <li><%= error.full_message %></li>
        <% end %>
      </ul>
    </div>
  <% end %>

  <div class="field">
    <%= form.label :tweeet %>
    <%= form.text_area :tweeet %>
  </div>

  <div class="actions">
    <%= form.submit, class: "btn btn-primary" %>
  </div>
<% end %>

):
1:    <%= form_with(model: tweeet) do |form| %>
2:      <% if tweeet.errors.any? %>
3:        <div id="error_explanation">
4:          <h2><%= pluralize(tweeet.errors.count, "error") %> prohibited this tweeet from being saved:</h2>
5:    
6:          <ul>
7:            <% tweeet.errors.each do |error| %>
8:              <li><%= error.full_message %></li>
9:            <% end %>
10:          </ul>
11:        </div>
12:      <% end %>
13:    
14:      <div class="field">
15:        <%= form.label :tweeet %>
16:        <%= form.text_area :tweeet %>
17:      </div>
18:    
19:      <div class="actions">
20:        <%= form.submit, class: "btn btn-primary" %>
21:      </div>
22:    <% end %>
  
app/views/tweeets/_form.html.erb:20: syntax error, unexpected tLABEL, expecting '='
app/views/tweeets/_form.html.erb:20: syntax error, unexpected tLABEL, expecting '='
app/views/tweeets/_form.html.erb:20: syntax error, unexpected tLABEL, expecting '='
app/views/tweeets/_form.html.erb:20: syntax error, unexpected tLABEL, expecting '='
app/views/tweeets/_form.html.erb:20: syntax error, unexpected tLABEL, expecting '='
app/views/tweeets/_form.html.erb:20: syntax error, unexpected tLABEL, expecting '='
app/views/tweeets/new.html.erb:3
Started GET "/tweeets/new" for ::1 at 2021-06-21 20:19:14 +0100
Processing by TweeetsController#new as HTML
  Rendering layout layouts/application.html.erb
  Rendering tweeets/new.html.erb within layouts/application
  Rendered tweeets/_form.html.erb (Duration: 421.9ms | Allocations: 5597)
  Rendered tweeets/new.html.erb within layouts/application (Duration: 424.0ms | Allocations: 5942)
[Webpacker] Everything's up-to-date. Nothing to do
  Rendered layout layouts/application.html.erb (Duration: 444.9ms | Allocations: 9150)
Completed 200 OK in 451ms (Views: 448.2ms | ActiveRecord: 0.0ms | Allocations: 10391)


Started GET "/tweeets/new" for ::1 at 2021-06-21 20:20:06 +0100
Processing by TweeetsController#new as HTML
  Rendering layout layouts/application.html.erb
  Rendering tweeets/new.html.erb within layouts/application
  Rendered tweeets/_form.html.erb (Duration: 5.4ms | Allocations: 760)
  Rendered tweeets/new.html.erb within layouts/application (Duration: 8.6ms | Allocations: 1097)
[Webpacker] Everything's up-to-date. Nothing to do
  Rendered layout layouts/application.html.erb (Duration: 25.4ms | Allocations: 4270)
Completed 200 OK in 33ms (Views: 30.4ms | ActiveRecord: 0.0ms | Allocations: 5368)


Started GET "/tweeets/new" for ::1 at 2021-06-21 20:20:24 +0100
Processing by TweeetsController#new as HTML
  Rendering layout layouts/application.html.erb
  Rendering tweeets/new.html.erb within layouts/application
  Rendered tweeets/_form.html.erb (Duration: 3.2ms | Allocations: 759)
  Rendered tweeets/new.html.erb within layouts/application (Duration: 5.0ms | Allocations: 1096)
[Webpacker] Everything's up-to-date. Nothing to do
  Rendered layout layouts/application.html.erb (Duration: 13.1ms | Allocations: 4269)
Completed 200 OK in 19ms (Views: 16.9ms | ActiveRecord: 0.0ms | Allocations: 5367)


Started GET "/tweeets" for ::1 at 2021-06-21 20:21:21 +0100
Processing by TweeetsController#index as HTML
  Rendering layout layouts/application.html.erb
  Rendering tweeets/index.html.erb within layouts/application
  [1m[36mTweeet Load (1.9ms)[0m  [1m[34mSELECT "tweeets".* FROM "tweeets"[0m
  ↳ app/views/tweeets/index.html.erb:14
  Rendered tweeets/index.html.erb within layouts/application (Duration: 8.6ms | Allocations: 1380)
[Webpacker] Everything's up-to-date. Nothing to do
  Rendered layout layouts/application.html.erb (Duration: 17.4ms | Allocations: 4554)
Completed 200 OK in 21ms (Views: 17.6ms | ActiveRecord: 1.9ms | Allocations: 5665)


Started GET "/tweeets" for ::1 at 2021-06-21 20:21:25 +0100
Processing by TweeetsController#index as HTML
  Rendering layout layouts/application.html.erb
  Rendering tweeets/index.html.erb within layouts/application
  [1m[36mTweeet Load (1.4ms)[0m  [1m[34mSELECT "tweeets".* FROM "tweeets"[0m
  ↳ app/views/tweeets/index.html.erb:14
  Rendered tweeets/index.html.erb within layouts/application (Duration: 6.6ms | Allocations: 1102)
[Webpacker] Everything's up-to-date. Nothing to do
  Rendered layout layouts/application.html.erb (Duration: 14.0ms | Allocations: 4103)
Completed 200 OK in 17ms (Views: 13.7ms | ActiveRecord: 1.4ms | Allocations: 4496)


Started GET "/tweeets/1" for ::1 at 2021-06-21 20:21:29 +0100
Processing by TweeetsController#show as HTML
  Parameters: {"id"=>"1"}
  [1m[36mTweeet Load (301.6ms)[0m  [1m[34mSELECT "tweeets".* FROM "tweeets" WHERE "tweeets"."id" = $1 LIMIT $2[0m  [["id", 1], ["LIMIT", 1]]
  ↳ app/controllers/tweeets_controller.rb:62:in `set_tweeet'
  Rendering layout layouts/application.html.erb
  Rendering tweeets/show.html.erb within layouts/application
  Rendered tweeets/show.html.erb within layouts/application (Duration: 1.4ms | Allocations: 251)
[Webpacker] Everything's up-to-date. Nothing to do
  Rendered layout layouts/application.html.erb (Duration: 9.5ms | Allocations: 3197)
Completed 200 OK in 502ms (Views: 10.3ms | ActiveRecord: 302.7ms | Allocations: 6529)


Started GET "/tweeets/1/edit" for ::1 at 2021-06-21 20:21:34 +0100
Processing by TweeetsController#edit as HTML
  Parameters: {"id"=>"1"}
  [1m[36mTweeet Load (1.8ms)[0m  [1m[34mSELECT "tweeets".* FROM "tweeets" WHERE "tweeets"."id" = $1 LIMIT $2[0m  [["id", 1], ["LIMIT", 1]]
  ↳ app/controllers/tweeets_controller.rb:62:in `set_tweeet'
  Rendering layout layouts/application.html.erb
  Rendering tweeets/edit.html.erb within layouts/application
  Rendered tweeets/_form.html.erb (Duration: 3.2ms | Allocations: 806)
  Rendered tweeets/edit.html.erb within layouts/application (Duration: 32.8ms | Allocations: 1190)
[Webpacker] Everything's up-to-date. Nothing to do
  Rendered layout layouts/application.html.erb (Duration: 39.4ms | Allocations: 4191)
Completed 200 OK in 48ms (Views: 40.8ms | ActiveRecord: 1.8ms | Allocations: 5389)


Started GET "/tweeets/1/edit" for ::1 at 2021-06-21 20:23:54 +0100
  [1m[35m (1.7ms)[0m  [1m[34mSELECT "schema_migrations"."version" FROM "schema_migrations" ORDER BY "schema_migrations"."version" ASC[0m
Processing by TweeetsController#edit as HTML
  Parameters: {"id"=>"1"}
  [1m[36mTweeet Load (2.5ms)[0m  [1m[34mSELECT "tweeets".* FROM "tweeets" WHERE "tweeets"."id" = $1 LIMIT $2[0m  [["id", 1], ["LIMIT", 1]]
  ↳ app/controllers/tweeets_controller.rb:62:in `set_tweeet'
  Rendering layout layouts/application.html.erb
  Rendering tweeets/edit.html.erb within layouts/application
  Rendered tweeets/_form.html.erb (Duration: 108.1ms | Allocations: 3991)
  Rendered tweeets/edit.html.erb within layouts/application (Duration: 127.7ms | Allocations: 4495)
[Webpacker] Compiling...
Started GET "/" for ::1 at 2021-06-21 20:24:25 +0100
Processing by TweeetsController#index as HTML
  Rendering layout layouts/application.html.erb
  Rendering tweeets/index.html.erb within layouts/application
  [1m[36mTweeet Load (2.4ms)[0m  [1m[34mSELECT "tweeets".* FROM "tweeets"[0m
  ↳ app/views/tweeets/index.html.erb:14
  Rendered tweeets/index.html.erb within layouts/application (Duration: 398.4ms | Allocations: 4589)
[Webpacker] Compiling...
[Webpacker] Compiled all packs in /home/jamezjaz/Personal_Projects/Twittter/public/packs
[Webpacker] DEPRECATION WARNING: Using / for division is deprecated and will be removed in Dart Sass 2.0.0.

Recommendation: math.div($spacer, 4)

More info and automated migrator: https://sass-lang.com/d/slash-div

    ╷
253 │   1: $spacer / 4,
    │      ^^^^^^^^^^^
    ╵
    node_modules/bootstrap/scss/_variables.scss 253:6  @import
    node_modules/bootstrap/scss/bootstrap.scss 11:9    @import
    app/javascript/stylesheets/application.scss 1:9    root stylesheet

DEPRECATION WARNING: Using / for division is deprecated and will be removed in Dart Sass 2.0.0.

Recommendation: math.div($spacer, 2)

More info and automated migrator: https://sass-lang.com/d/slash-div

    ╷
254 │   2: $spacer / 2,
    │      ^^^^^^^^^^^
    ╵
    node_modules/bootstrap/scss/_variables.scss 254:6  @import
    node_modules/bootstrap/scss/bootstrap.scss 11:9    @import
    app/javascript/stylesheets/application.scss 1:9    root stylesheet

DEPRECATION WARNING: Using / for division is deprecated and will be removed in Dart Sass 2.0.0.

Recommendation: math.div($grid-gutter-width, 2)

More info and automated migrator: https://sass-lang.com/d/slash-div

    ╷
353 │ $container-padding-x: $grid-gutter-width / 2 !default;
    │                       ^^^^^^^^^^^^^^^^^^^^^^
    ╵
    node_modules/bootstrap/scss/_variables.scss 353:23  @import
    node_modules/bootstrap/scss/bootstrap.scss 11:9     @import
    app/javascript/stylesheets/application.scss 1:9     root stylesheet

DEPRECATION WARNING: Using / for division is deprecated and will be removed in Dart Sass 2.0.0.

Recommendation: math.div($spacer, 2)

More info and automated migrator: https://sass-lang.com/d/slash-div

    ╷
464 │ $headings-margin-bottom:      $spacer / 2 !default;
    │                               ^^^^^^^^^^^
    ╵
    node_modules/bootstrap/scss/_variables.scss 464:31  @import
    node_modules/bootstrap/scss/bootstrap.scss 11:9     @import
    app/javascript/stylesheets/application.scss 1:9     root stylesheet

DEPRECATION WARNING: Using / for division is deprecated and will be removed in Dart Sass 2.0.0.

Recommendation: math.div($input-padding-y, 2)

More info and automated migrator: https://sass-lang.com/d/slash-div

    ╷
720 │ $input-height-inner-quarter:            add($input-line-height * .25em, $input-padding-y / 2) !default;
    │                                                                         ^^^^^^^^^^^^^^^^^^^^
    ╵
    node_modules/bootstrap/scss/_variables.scss 720:73  @import
    node_modules/bootstrap/scss/bootstrap.scss 11:9     @import
    app/javascript/stylesheets/application.scss 1:9     root stylesheet

WARNING: 71 repetitive deprecation warnings omitted.

Though the "loose" option was set to "false" in your @babel/preset-env config, it will not be used for @babel/plugin-proposal-private-methods since the "loose" mode option was set to "true" for @babel/plugin-proposal-class-properties.
The "loose" option must be the same for @babel/plugin-proposal-class-properties, @babel/plugin-proposal-private-methods and @babel/plugin-proposal-private-property-in-object (when they are enabled): you can silence this warning by explicitly adding
	["@babel/plugin-proposal-private-methods", { "loose": true }]
to the "plugins" section of your Babel config.
Though the "loose" option was set to "false" in your @babel/preset-env config, it will not be used for @babel/plugin-proposal-private-methods since the "loose" mode option was set to "true" for @babel/plugin-proposal-class-properties.
The "loose" option must be the same for @babel/plugin-proposal-class-properties, @babel/plugin-proposal-private-methods and @babel/plugin-proposal-private-property-in-object (when they are enabled): you can silence this warning by explicitly adding
	["@babel/plugin-proposal-private-methods", { "loose": true }]
to the "plugins" section of your Babel config.
Though the "loose" option was set to "false" in your @babel/preset-env config, it will not be used for @babel/plugin-proposal-private-methods since the "loose" mode option was set to "true" for @babel/plugin-proposal-class-properties.
The "loose" option must be the same for @babel/plugin-proposal-class-properties, @babel/plugin-proposal-private-methods and @babel/plugin-proposal-private-property-in-object (when they are enabled): you can silence this warning by explicitly adding
	["@babel/plugin-proposal-private-methods", { "loose": true }]
to the "plugins" section of your Babel config.
Though the "loose" option was set to "false" in your @babel/preset-env config, it will not be used for @babel/plugin-proposal-private-methods since the "loose" mode option was set to "true" for @babel/plugin-proposal-class-properties.
The "loose" option must be the same for @babel/plugin-proposal-class-properties, @babel/plugin-proposal-private-methods and @babel/plugin-proposal-private-property-in-object (when they are enabled): you can silence this warning by explicitly adding
	["@babel/plugin-proposal-private-methods", { "loose": true }]
to the "plugins" section of your Babel config.
Though the "loose" option was set to "false" in your @babel/preset-env config, it will not be used for @babel/plugin-proposal-private-methods since the "loose" mode option was set to "true" for @babel/plugin-proposal-class-properties.
The "loose" option must be the same for @babel/plugin-proposal-class-properties, @babel/plugin-proposal-private-methods and @babel/plugin-proposal-private-property-in-object (when they are enabled): you can silence this warning by explicitly adding
	["@babel/plugin-proposal-private-methods", { "loose": true }]
to the "plugins" section of your Babel config.
Though the "loose" option was set to "false" in your @babel/preset-env config, it will not be used for @babel/plugin-proposal-private-methods since the "loose" mode option was set to "true" for @babel/plugin-proposal-class-properties.
The "loose" option must be the same for @babel/plugin-proposal-class-properties, @babel/plugin-proposal-private-methods and @babel/plugin-proposal-private-property-in-object (when they are enabled): you can silence this warning by explicitly adding
	["@babel/plugin-proposal-private-methods", { "loose": true }]
to the "plugins" section of your Babel config.
Though the "loose" option was set to "false" in your @babel/preset-env config, it will not be used for @babel/plugin-proposal-private-methods since the "loose" mode option was set to "true" for @babel/plugin-proposal-class-properties.
The "loose" option must be the same for @babel/plugin-proposal-class-properties, @babel/plugin-proposal-private-methods and @babel/plugin-proposal-private-property-in-object (when they are enabled): you can silence this warning by explicitly adding
	["@babel/plugin-proposal-private-methods", { "loose": true }]
to the "plugins" section of your Babel config.
Though the "loose" option was set to "false" in your @babel/preset-env config, it will not be used for @babel/plugin-proposal-private-methods since the "loose" mode option was set to "true" for @babel/plugin-proposal-class-properties.
The "loose" option must be the same for @babel/plugin-proposal-class-properties, @babel/plugin-proposal-private-methods and @babel/plugin-proposal-private-property-in-object (when they are enabled): you can silence this warning by explicitly adding
	["@babel/plugin-proposal-private-methods", { "loose": true }]
to the "plugins" section of your Babel config.
Though the "loose" option was set to "false" in your @babel/preset-env config, it will not be used for @babel/plugin-proposal-private-methods since the "loose" mode option was set to "true" for @babel/plugin-proposal-class-properties.
The "loose" option must be the same for @babel/plugin-proposal-class-properties, @babel/plugin-proposal-private-methods and @babel/plugin-proposal-private-property-in-object (when they are enabled): you can silence this warning by explicitly adding
	["@babel/plugin-proposal-private-methods", { "loose": true }]
to the "plugins" section of your Babel config.
Though the "loose" option was set to "false" in your @babel/preset-env config, it will not be used for @babel/plugin-proposal-private-methods since the "loose" mode option was set to "true" for @babel/plugin-proposal-class-properties.
The "loose" option must be the same for @babel/plugin-proposal-class-properties, @babel/plugin-proposal-private-methods and @babel/plugin-proposal-private-property-in-object (when they are enabled): you can silence this warning by explicitly adding
	["@babel/plugin-proposal-private-methods", { "loose": true }]
to the "plugins" section of your Babel config.
Though the "loose" option was set to "false" in your @babel/preset-env config, it will not be used for @babel/plugin-proposal-private-methods since the "loose" mode option was set to "true" for @babel/plugin-proposal-class-properties.
The "loose" option must be the same for @babel/plugin-proposal-class-properties, @babel/plugin-proposal-private-methods and @babel/plugin-proposal-private-property-in-object (when they are enabled): you can silence this warning by explicitly adding
	["@babel/plugin-proposal-private-methods", { "loose": true }]
to the "plugins" section of your Babel config.
Though the "loose" option was set to "false" in your @babel/preset-env config, it will not be used for @babel/plugin-proposal-private-methods since the "loose" mode option was set to "true" for @babel/plugin-proposal-class-properties.
The "loose" option must be the same for @babel/plugin-proposal-class-properties, @babel/plugin-proposal-private-methods and @babel/plugin-proposal-private-property-in-object (when they are enabled): you can silence this warning by explicitly adding
	["@babel/plugin-proposal-private-methods", { "loose": true }]
to the "plugins" section of your Babel config.
Though the "loose" option was set to "false" in your @babel/preset-env config, it will not be used for @babel/plugin-proposal-private-methods since the "loose" mode option was set to "true" for @babel/plugin-proposal-class-properties.
The "loose" option must be the same for @babel/plugin-proposal-class-properties, @babel/plugin-proposal-private-methods and @babel/plugin-proposal-private-property-in-object (when they are enabled): you can silence this warning by explicitly adding
	["@babel/plugin-proposal-private-methods", { "loose": true }]
to the "plugins" section of your Babel config.
Though the "loose" option was set to "false" in your @babel/preset-env config, it will not be used for @babel/plugin-proposal-private-methods since the "loose" mode option was set to "true" for @babel/plugin-proposal-class-properties.
The "loose" option must be the same for @babel/plugin-proposal-class-properties, @babel/plugin-proposal-private-methods and @babel/plugin-proposal-private-property-in-object (when they are enabled): you can silence this warning by explicitly adding
	["@babel/plugin-proposal-private-methods", { "loose": true }]
to the "plugins" section of your Babel config.
Though the "loose" option was set to "false" in your @babel/preset-env config, it will not be used for @babel/plugin-proposal-private-methods since the "loose" mode option was set to "true" for @babel/plugin-proposal-class-properties.
The "loose" option must be the same for @babel/plugin-proposal-class-properties, @babel/plugin-proposal-private-methods and @babel/plugin-proposal-private-property-in-object (when they are enabled): you can silence this warning by explicitly adding
	["@babel/plugin-proposal-private-methods", { "loose": true }]
to the "plugins" section of your Babel config.
Though the "loose" option was set to "false" in your @babel/preset-env config, it will not be used for @babel/plugin-proposal-private-methods since the "loose" mode option was set to "true" for @babel/plugin-proposal-class-properties.
The "loose" option must be the same for @babel/plugin-proposal-class-properties, @babel/plugin-proposal-private-methods and @babel/plugin-proposal-private-property-in-object (when they are enabled): you can silence this warning by explicitly adding
	["@babel/plugin-proposal-private-methods", { "loose": true }]
to the "plugins" section of your Babel config.
Though the "loose" option was set to "false" in your @babel/preset-env config, it will not be used for @babel/plugin-proposal-private-methods since the "loose" mode option was set to "true" for @babel/plugin-proposal-class-properties.
The "loose" option must be the same for @babel/plugin-proposal-class-properties, @babel/plugin-proposal-private-methods and @babel/plugin-proposal-private-property-in-object (when they are enabled): you can silence this warning by explicitly adding
	["@babel/plugin-proposal-private-methods", { "loose": true }]
to the "plugins" section of your Babel config.
Though the "loose" option was set to "false" in your @babel/preset-env config, it will not be used for @babel/plugin-proposal-private-methods since the "loose" mode option was set to "true" for @babel/plugin-proposal-class-properties.
The "loose" option must be the same for @babel/plugin-proposal-class-properties, @babel/plugin-proposal-private-methods and @babel/plugin-proposal-private-property-in-object (when they are enabled): you can silence this warning by explicitly adding
	["@babel/plugin-proposal-private-methods", { "loose": true }]
to the "plugins" section of your Babel config.
Though the "loose" option was set to "false" in your @babel/preset-env config, it will not be used for @babel/plugin-proposal-private-methods since the "loose" mode option was set to "true" for @babel/plugin-proposal-class-properties.
The "loose" option must be the same for @babel/plugin-proposal-class-properties, @babel/plugin-proposal-private-methods and @babel/plugin-proposal-private-property-in-object (when they are enabled): you can silence this warning by explicitly adding
	["@babel/plugin-proposal-private-methods", { "loose": true }]
to the "plugins" section of your Babel config.
Though the "loose" option was set to "false" in your @babel/preset-env config, it will not be used for @babel/plugin-proposal-private-methods since the "loose" mode option was set to "true" for @babel/plugin-proposal-class-properties.
The "loose" option must be the same for @babel/plugin-proposal-class-properties, @babel/plugin-proposal-private-methods and @babel/plugin-proposal-private-property-in-object (when they are enabled): you can silence this warning by explicitly adding
	["@babel/plugin-proposal-private-methods", { "loose": true }]
to the "plugins" section of your Babel config.
Though the "loose" option was set to "false" in your @babel/preset-env config, it will not be used for @babel/plugin-proposal-private-methods since the "loose" mode option was set to "true" for @babel/plugin-proposal-class-properties.
The "loose" option must be the same for @babel/plugin-proposal-class-properties, @babel/plugin-proposal-private-methods and @babel/plugin-proposal-private-property-in-object (when they are enabled): you can silence this warning by explicitly adding
	["@babel/plugin-proposal-private-methods", { "loose": true }]
to the "plugins" section of your Babel config.
Though the "loose" option was set to "false" in your @babel/preset-env config, it will not be used for @babel/plugin-proposal-private-methods since the "loose" mode option was set to "true" for @babel/plugin-proposal-class-properties.
The "loose" option must be the same for @babel/plugin-proposal-class-properties, @babel/plugin-proposal-private-methods and @babel/plugin-proposal-private-property-in-object (when they are enabled): you can silence this warning by explicitly adding
	["@babel/plugin-proposal-private-methods", { "loose": true }]
to the "plugins" section of your Babel config.
Though the "loose" option was set to "false" in your @babel/preset-env config, it will not be used for @babel/plugin-proposal-private-methods since the "loose" mode option was set to "true" for @babel/plugin-proposal-class-properties.
The "loose" option must be the same for @babel/plugin-proposal-class-properties, @babel/plugin-proposal-private-methods and @babel/plugin-proposal-private-property-in-object (when they are enabled): you can silence this warning by explicitly adding
	["@babel/plugin-proposal-private-methods", { "loose": true }]
to the "plugins" section of your Babel config.
Though the "loose" option was set to "false" in your @babel/preset-env config, it will not be used for @babel/plugin-proposal-private-methods since the "loose" mode option was set to "true" for @babel/plugin-proposal-class-properties.
The "loose" option must be the same for @babel/plugin-proposal-class-properties, @babel/plugin-proposal-private-methods and @babel/plugin-proposal-private-property-in-object (when they are enabled): you can silence this warning by explicitly adding
	["@babel/plugin-proposal-private-methods", { "loose": true }]
to the "plugins" section of your Babel config.
Though the "loose" option was set to "false" in your @babel/preset-env config, it will not be used for @babel/plugin-proposal-private-methods since the "loose" mode option was set to "true" for @babel/plugin-proposal-class-properties.
The "loose" option must be the same for @babel/plugin-proposal-class-properties, @babel/plugin-proposal-private-methods and @babel/plugin-proposal-private-property-in-object (when they are enabled): you can silence this warning by explicitly adding
	["@babel/plugin-proposal-private-methods", { "loose": true }]
to the "plugins" section of your Babel config.
Though the "loose" option was set to "false" in your @babel/preset-env config, it will not be used for @babel/plugin-proposal-private-methods since the "loose" mode option was set to "true" for @babel/plugin-proposal-class-properties.
The "loose" option must be the same for @babel/plugin-proposal-class-properties, @babel/plugin-proposal-private-methods and @babel/plugin-proposal-private-property-in-object (when they are enabled): you can silence this warning by explicitly adding
	["@babel/plugin-proposal-private-methods", { "loose": true }]
to the "plugins" section of your Babel config.
Though the "loose" option was set to "false" in your @babel/preset-env config, it will not be used for @babel/plugin-proposal-private-methods since the "loose" mode option was set to "true" for @babel/plugin-proposal-class-properties.
The "loose" option must be the same for @babel/plugin-proposal-class-properties, @babel/plugin-proposal-private-methods and @babel/plugin-proposal-private-property-in-object (when they are enabled): you can silence this warning by explicitly adding
	["@babel/plugin-proposal-private-methods", { "loose": true }]
to the "plugins" section of your Babel config.
Though the "loose" option was set to "false" in your @babel/preset-env config, it will not be used for @babel/plugin-proposal-private-methods since the "loose" mode option was set to "true" for @babel/plugin-proposal-class-properties.
The "loose" option must be the same for @babel/plugin-proposal-class-properties, @babel/plugin-proposal-private-methods and @babel/plugin-proposal-private-property-in-object (when they are enabled): you can silence this warning by explicitly adding
	["@babel/plugin-proposal-private-methods", { "loose": true }]
to the "plugins" section of your Babel config.
Though the "loose" option was set to "false" in your @babel/preset-env config, it will not be used for @babel/plugin-proposal-private-methods since the "loose" mode option was set to "true" for @babel/plugin-proposal-class-properties.
The "loose" option must be the same for @babel/plugin-proposal-class-properties, @babel/plugin-proposal-private-methods and @babel/plugin-proposal-private-property-in-object (when they are enabled): you can silence this warning by explicitly adding
	["@babel/plugin-proposal-private-methods", { "loose": true }]
to the "plugins" section of your Babel config.
Though the "loose" option was set to "false" in your @babel/preset-env config, it will not be used for @babel/plugin-proposal-private-methods since the "loose" mode option was set to "true" for @babel/plugin-proposal-class-properties.
The "loose" option must be the same for @babel/plugin-proposal-class-properties, @babel/plugin-proposal-private-methods and @babel/plugin-proposal-private-property-in-object (when they are enabled): you can silence this warning by explicitly adding
	["@babel/plugin-proposal-private-methods", { "loose": true }]
to the "plugins" section of your Babel config.
Though the "loose" option was set to "false" in your @babel/preset-env config, it will not be used for @babel/plugin-proposal-private-methods since the "loose" mode option was set to "true" for @babel/plugin-proposal-class-properties.
The "loose" option must be the same for @babel/plugin-proposal-class-properties, @babel/plugin-proposal-private-methods and @babel/plugin-proposal-private-property-in-object (when they are enabled): you can silence this warning by explicitly adding
	["@babel/plugin-proposal-private-methods", { "loose": true }]
to the "plugins" section of your Babel config.
Though the "loose" option was set to "false" in your @babel/preset-env config, it will not be used for @babel/plugin-proposal-private-methods since the "loose" mode option was set to "true" for @babel/plugin-proposal-class-properties.
The "loose" option must be the same for @babel/plugin-proposal-class-properties, @babel/plugin-proposal-private-methods and @babel/plugin-proposal-private-property-in-object (when they are enabled): you can silence this warning by explicitly adding
	["@babel/plugin-proposal-private-methods", { "loose": true }]
to the "plugins" section of your Babel config.
Though the "loose" option was set to "false" in your @babel/preset-env config, it will not be used for @babel/plugin-proposal-private-methods since the "loose" mode option was set to "true" for @babel/plugin-proposal-class-properties.
The "loose" option must be the same for @babel/plugin-proposal-class-properties, @babel/plugin-proposal-private-methods and @babel/plugin-proposal-private-property-in-object (when they are enabled): you can silence this warning by explicitly adding
	["@babel/plugin-proposal-private-methods", { "loose": true }]
to the "plugins" section of your Babel config.
Though the "loose" option was set to "false" in your @babel/preset-env config, it will not be used for @babel/plugin-proposal-private-methods since the "loose" mode option was set to "true" for @babel/plugin-proposal-class-properties.
The "loose" option must be the same for @babel/plugin-proposal-class-properties, @babel/plugin-proposal-private-methods and @babel/plugin-proposal-private-property-in-object (when they are enabled): you can silence this warning by explicitly adding
	["@babel/plugin-proposal-private-methods", { "loose": true }]
to the "plugins" section of your Babel config.
Though the "loose" option was set to "false" in your @babel/preset-env config, it will not be used for @babel/plugin-proposal-private-methods since the "loose" mode option was set to "true" for @babel/plugin-proposal-class-properties.
The "loose" option must be the same for @babel/plugin-proposal-class-properties, @babel/plugin-proposal-private-methods and @babel/plugin-proposal-private-property-in-object (when they are enabled): you can silence this warning by explicitly adding
	["@babel/plugin-proposal-private-methods", { "loose": true }]
to the "plugins" section of your Babel config.
Though the "loose" option was set to "false" in your @babel/preset-env config, it will not be used for @babel/plugin-proposal-private-methods since the "loose" mode option was set to "true" for @babel/plugin-proposal-class-properties.
The "loose" option must be the same for @babel/plugin-proposal-class-properties, @babel/plugin-proposal-private-methods and @babel/plugin-proposal-private-property-in-object (when they are enabled): you can silence this warning by explicitly adding
	["@babel/plugin-proposal-private-methods", { "loose": true }]
to the "plugins" section of your Babel config.
Though the "loose" option was set to "false" in your @babel/preset-env config, it will not be used for @babel/plugin-proposal-private-methods since the "loose" mode option was set to "true" for @babel/plugin-proposal-class-properties.
The "loose" option must be the same for @babel/plugin-proposal-class-properties, @babel/plugin-proposal-private-methods and @babel/plugin-proposal-private-property-in-object (when they are enabled): you can silence this warning by explicitly adding
	["@babel/plugin-proposal-private-methods", { "loose": true }]
to the "plugins" section of your Babel config.
Though the "loose" option was set to "false" in your @babel/preset-env config, it will not be used for @babel/plugin-proposal-private-methods since the "loose" mode option was set to "true" for @babel/plugin-proposal-class-properties.
The "loose" option must be the same for @babel/plugin-proposal-class-properties, @babel/plugin-proposal-private-methods and @babel/plugin-proposal-private-property-in-object (when they are enabled): you can silence this warning by explicitly adding
	["@babel/plugin-proposal-private-methods", { "loose": true }]
to the "plugins" section of your Babel config.
Though the "loose" option was set to "false" in your @babel/preset-env config, it will not be used for @babel/plugin-proposal-private-methods since the "loose" mode option was set to "true" for @babel/plugin-proposal-class-properties.
The "loose" option must be the same for @babel/plugin-proposal-class-properties, @babel/plugin-proposal-private-methods and @babel/plugin-proposal-private-property-in-object (when they are enabled): you can silence this warning by explicitly adding
	["@babel/plugin-proposal-private-methods", { "loose": true }]
to the "plugins" section of your Babel config.
Though the "loose" option was set to "false" in your @babel/preset-env config, it will not be used for @babel/plugin-proposal-private-methods since the "loose" mode option was set to "true" for @babel/plugin-proposal-class-properties.
The "loose" option must be the same for @babel/plugin-proposal-class-properties, @babel/plugin-proposal-private-methods and @babel/plugin-proposal-private-property-in-object (when they are enabled): you can silence this warning by explicitly adding
	["@babel/plugin-proposal-private-methods", { "loose": true }]
to the "plugins" section of your Babel config.
Though the "loose" option was set to "false" in your @babel/preset-env config, it will not be used for @babel/plugin-proposal-private-methods since the "loose" mode option was set to "true" for @babel/plugin-proposal-class-properties.
The "loose" option must be the same for @babel/plugin-proposal-class-properties, @babel/plugin-proposal-private-methods and @babel/plugin-proposal-private-property-in-object (when they are enabled): you can silence this warning by explicitly adding
	["@babel/plugin-proposal-private-methods", { "loose": true }]
to the "plugins" section of your Babel config.
Though the "loose" option was set to "false" in your @babel/preset-env config, it will not be used for @babel/plugin-proposal-private-methods since the "loose" mode option was set to "true" for @babel/plugin-proposal-class-properties.
The "loose" option must be the same for @babel/plugin-proposal-class-properties, @babel/plugin-proposal-private-methods and @babel/plugin-proposal-private-property-in-object (when they are enabled): you can silence this warning by explicitly adding
	["@babel/plugin-proposal-private-methods", { "loose": true }]
to the "plugins" section of your Babel config.
Though the "loose" option was set to "false" in your @babel/preset-env config, it will not be used for @babel/plugin-proposal-private-methods since the "loose" mode option was set to "true" for @babel/plugin-proposal-class-properties.
The "loose" option must be the same for @babel/plugin-proposal-class-properties, @babel/plugin-proposal-private-methods and @babel/plugin-proposal-private-property-in-object (when they are enabled): you can silence this warning by explicitly adding
	["@babel/plugin-proposal-private-methods", { "loose": true }]
to the "plugins" section of your Babel config.
Though the "loose" option was set to "false" in your @babel/preset-env config, it will not be used for @babel/plugin-proposal-private-methods since the "loose" mode option was set to "true" for @babel/plugin-proposal-class-properties.
The "loose" option must be the same for @babel/plugin-proposal-class-properties, @babel/plugin-proposal-private-methods and @babel/plugin-proposal-private-property-in-object (when they are enabled): you can silence this warning by explicitly adding
	["@babel/plugin-proposal-private-methods", { "loose": true }]
to the "plugins" section of your Babel config.
Though the "loose" option was set to "false" in your @babel/preset-env config, it will not be used for @babel/plugin-proposal-private-methods since the "loose" mode option was set to "true" for @babel/plugin-proposal-class-properties.
The "loose" option must be the same for @babel/plugin-proposal-class-properties, @babel/plugin-proposal-private-methods and @babel/plugin-proposal-private-property-in-object (when they are enabled): you can silence this warning by explicitly adding
	["@babel/plugin-proposal-private-methods", { "loose": true }]
to the "plugins" section of your Babel config.
Though the "loose" option was set to "false" in your @babel/preset-env config, it will not be used for @babel/plugin-proposal-private-methods since the "loose" mode option was set to "true" for @babel/plugin-proposal-class-properties.
The "loose" option must be the same for @babel/plugin-proposal-class-properties, @babel/plugin-proposal-private-methods and @babel/plugin-proposal-private-property-in-object (when they are enabled): you can silence this warning by explicitly adding
	["@babel/plugin-proposal-private-methods", { "loose": true }]
to the "plugins" section of your Babel config.
Though the "loose" option was set to "false" in your @babel/preset-env config, it will not be used for @babel/plugin-proposal-private-methods since the "loose" mode option was set to "true" for @babel/plugin-proposal-class-properties.
The "loose" option must be the same for @babel/plugin-proposal-class-properties, @babel/plugin-proposal-private-methods and @babel/plugin-proposal-private-property-in-object (when they are enabled): you can silence this warning by explicitly adding
	["@babel/plugin-proposal-private-methods", { "loose": true }]
to the "plugins" section of your Babel config.
Though the "loose" option was set to "false" in your @babel/preset-env config, it will not be used for @babel/plugin-proposal-private-methods since the "loose" mode option was set to "true" for @babel/plugin-proposal-class-properties.
The "loose" option must be the same for @babel/plugin-proposal-class-properties, @babel/plugin-proposal-private-methods and @babel/plugin-proposal-private-property-in-object (when they are enabled): you can silence this warning by explicitly adding
	["@babel/plugin-proposal-private-methods", { "loose": true }]
to the "plugins" section of your Babel config.
Though the "loose" option was set to "false" in your @babel/preset-env config, it will not be used for @babel/plugin-proposal-private-methods since the "loose" mode option was set to "true" for @babel/plugin-proposal-class-properties.
The "loose" option must be the same for @babel/plugin-proposal-class-properties, @babel/plugin-proposal-private-methods and @babel/plugin-proposal-private-property-in-object (when they are enabled): you can silence this warning by explicitly adding
	["@babel/plugin-proposal-private-methods", { "loose": true }]
to the "plugins" section of your Babel config.
Though the "loose" option was set to "false" in your @babel/preset-env config, it will not be used for @babel/plugin-proposal-private-methods since the "loose" mode option was set to "true" for @babel/plugin-proposal-class-properties.
The "loose" option must be the same for @babel/plugin-proposal-class-properties, @babel/plugin-proposal-private-methods and @babel/plugin-proposal-private-property-in-object (when they are enabled): you can silence this warning by explicitly adding
	["@babel/plugin-proposal-private-methods", { "loose": true }]
to the "plugins" section of your Babel config.
Though the "loose" option was set to "false" in your @babel/preset-env config, it will not be used for @babel/plugin-proposal-private-methods since the "loose" mode option was set to "true" for @babel/plugin-proposal-class-properties.
The "loose" option must be the same for @babel/plugin-proposal-class-properties, @babel/plugin-proposal-private-methods and @babel/plugin-proposal-private-property-in-object (when they are enabled): you can silence this warning by explicitly adding
	["@babel/plugin-proposal-private-methods", { "loose": true }]
to the "plugins" section of your Babel config.
Though the "loose" option was set to "false" in your @babel/preset-env config, it will not be used for @babel/plugin-proposal-private-methods since the "loose" mode option was set to "true" for @babel/plugin-proposal-class-properties.
The "loose" option must be the same for @babel/plugin-proposal-class-properties, @babel/plugin-proposal-private-methods and @babel/plugin-proposal-private-property-in-object (when they are enabled): you can silence this warning by explicitly adding
	["@babel/plugin-proposal-private-methods", { "loose": true }]
to the "plugins" section of your Babel config.
Though the "loose" option was set to "false" in your @babel/preset-env config, it will not be used for @babel/plugin-proposal-private-methods since the "loose" mode option was set to "true" for @babel/plugin-proposal-class-properties.
The "loose" option must be the same for @babel/plugin-proposal-class-properties, @babel/plugin-proposal-private-methods and @babel/plugin-proposal-private-property-in-object (when they are enabled): you can silence this warning by explicitly adding
	["@babel/plugin-proposal-private-methods", { "loose": true }]
to the "plugins" section of your Babel config.
Though the "loose" option was set to "false" in your @babel/preset-env config, it will not be used for @babel/plugin-proposal-private-methods since the "loose" mode option was set to "true" for @babel/plugin-proposal-class-properties.
The "loose" option must be the same for @babel/plugin-proposal-class-properties, @babel/plugin-proposal-private-methods and @babel/plugin-proposal-private-property-in-object (when they are enabled): you can silence this warning by explicitly adding
	["@babel/plugin-proposal-private-methods", { "loose": true }]
to the "plugins" section of your Babel config.
Though the "loose" option was set to "false" in your @babel/preset-env config, it will not be used for @babel/plugin-proposal-private-methods since the "loose" mode option was set to "true" for @babel/plugin-proposal-class-properties.
The "loose" option must be the same for @babel/plugin-proposal-class-properties, @babel/plugin-proposal-private-methods and @babel/plugin-proposal-private-property-in-object (when they are enabled): you can silence this warning by explicitly adding
	["@babel/plugin-proposal-private-methods", { "loose": true }]
to the "plugins" section of your Babel config.
Though the "loose" option was set to "false" in your @babel/preset-env config, it will not be used for @babel/plugin-proposal-private-methods since the "loose" mode option was set to "true" for @babel/plugin-proposal-class-properties.
The "loose" option must be the same for @babel/plugin-proposal-class-properties, @babel/plugin-proposal-private-methods and @babel/plugin-proposal-private-property-in-object (when they are enabled): you can silence this warning by explicitly adding
	["@babel/plugin-proposal-private-methods", { "loose": true }]
to the "plugins" section of your Babel config.
Though the "loose" option was set to "false" in your @babel/preset-env config, it will not be used for @babel/plugin-proposal-private-methods since the "loose" mode option was set to "true" for @babel/plugin-proposal-class-properties.
The "loose" option must be the same for @babel/plugin-proposal-class-properties, @babel/plugin-proposal-private-methods and @babel/plugin-proposal-private-property-in-object (when they are enabled): you can silence this warning by explicitly adding
	["@babel/plugin-proposal-private-methods", { "loose": true }]
to the "plugins" section of your Babel config.
Though the "loose" option was set to "false" in your @babel/preset-env config, it will not be used for @babel/plugin-proposal-private-methods since the "loose" mode option was set to "true" for @babel/plugin-proposal-class-properties.
The "loose" option must be the same for @babel/plugin-proposal-class-properties, @babel/plugin-proposal-private-methods and @babel/plugin-proposal-private-property-in-object (when they are enabled): you can silence this warning by explicitly adding
	["@babel/plugin-proposal-private-methods", { "loose": true }]
to the "plugins" section of your Babel config.

[Webpacker] Hash: 9711d5866b721c9cab3c
Version: webpack 4.46.0
Time: 18504ms
Built at: 06/21/2021 8:24:22 PM
                                     Asset       Size       Chunks                         Chunk Names
    js/application-aff057760cc0d312d544.js   1.14 MiB  application  [emitted] [immutable]  application
js/application-aff057760cc0d312d544.js.map   1.15 MiB  application  [emitted] [dev]        application
                             manifest.json  364 bytes               [emitted]              
Entrypoint application = js/application-aff057760cc0d312d544.js js/application-aff057760cc0d312d544.js.map
[./app/javascript/channels sync recursive _channel\.js$] ./app/javascript/channels sync _channel\.js$ 160 bytes {application} [built]
[./app/javascript/channels/index.js] 211 bytes {application} [built]
[./app/javascript/packs/application.js] 549 bytes {application} [built]
[./app/javascript/stylesheets/application.scss] 664 bytes {application} [built]
[./node_modules/css-loader/dist/cjs.js?!./node_modules/postcss-loader/src/index.js?!./node_modules/sass-loader/dist/cjs.js?!./app/javascript/stylesheets/application.scss] ./node_modules/css-loader/dist/cjs.js??ref--6-1!./node_modules/postcss-loader/src??ref--6-2!./node_modules/sass-loader/dist/cjs.js??ref--6-3!./app/javascript/stylesheets/application.scss 708 KiB {application} [built]
[./node_modules/webpack/buildin/module.js] (webpack)/buildin/module.js 552 bytes {application} [built]
    + 64 hidden modules

  Rendered layout layouts/application.html.erb (Duration: 33396.0ms | Allocations: 20861)
Completed 200 OK in 33639ms (Views: 33439.6ms | ActiveRecord: 43.1ms | Allocations: 27727)


[Webpacker] Compiled all packs in /home/jamezjaz/Personal_Projects/Twittter/public/packs
[Webpacker] DEPRECATION WARNING: Using / for division is deprecated and will be removed in Dart Sass 2.0.0.

Recommendation: math.div($spacer, 4)

More info and automated migrator: https://sass-lang.com/d/slash-div

    ╷
253 │   1: $spacer / 4,
    │      ^^^^^^^^^^^
    ╵
    node_modules/bootstrap/scss/_variables.scss 253:6  @import
    node_modules/bootstrap/scss/bootstrap.scss 11:9    @import
    app/javascript/stylesheets/application.scss 1:9    root stylesheet

DEPRECATION WARNING: Using / for division is deprecated and will be removed in Dart Sass 2.0.0.

Recommendation: math.div($spacer, 2)

More info and automated migrator: https://sass-lang.com/d/slash-div

    ╷
254 │   2: $spacer / 2,
    │      ^^^^^^^^^^^
    ╵
    node_modules/bootstrap/scss/_variables.scss 254:6  @import
    node_modules/bootstrap/scss/bootstrap.scss 11:9    @import
    app/javascript/stylesheets/application.scss 1:9    root stylesheet

DEPRECATION WARNING: Using / for division is deprecated and will be removed in Dart Sass 2.0.0.

Recommendation: math.div($grid-gutter-width, 2)

More info and automated migrator: https://sass-lang.com/d/slash-div

    ╷
353 │ $container-padding-x: $grid-gutter-width / 2 !default;
    │                       ^^^^^^^^^^^^^^^^^^^^^^
    ╵
    node_modules/bootstrap/scss/_variables.scss 353:23  @import
    node_modules/bootstrap/scss/bootstrap.scss 11:9     @import
    app/javascript/stylesheets/application.scss 1:9     root stylesheet

DEPRECATION WARNING: Using / for division is deprecated and will be removed in Dart Sass 2.0.0.

Recommendation: math.div($spacer, 2)

More info and automated migrator: https://sass-lang.com/d/slash-div

    ╷
464 │ $headings-margin-bottom:      $spacer / 2 !default;
    │                               ^^^^^^^^^^^
    ╵
    node_modules/bootstrap/scss/_variables.scss 464:31  @import
    node_modules/bootstrap/scss/bootstrap.scss 11:9     @import
    app/javascript/stylesheets/application.scss 1:9     root stylesheet

DEPRECATION WARNING: Using / for division is deprecated and will be removed in Dart Sass 2.0.0.

Recommendation: math.div($input-padding-y, 2)

More info and automated migrator: https://sass-lang.com/d/slash-div

    ╷
720 │ $input-height-inner-quarter:            add($input-line-height * .25em, $input-padding-y / 2) !default;
    │                                                                         ^^^^^^^^^^^^^^^^^^^^
    ╵
    node_modules/bootstrap/scss/_variables.scss 720:73  @import
    node_modules/bootstrap/scss/bootstrap.scss 11:9     @import
    app/javascript/stylesheets/application.scss 1:9     root stylesheet

WARNING: 71 repetitive deprecation warnings omitted.


[Webpacker] Hash: 9711d5866b721c9cab3c
Version: webpack 4.46.0
Time: 7965ms
Built at: 06/21/2021 8:24:42 PM
                                     Asset       Size       Chunks                         Chunk Names
    js/application-aff057760cc0d312d544.js   1.14 MiB  application  [emitted] [immutable]  application
js/application-aff057760cc0d312d544.js.map   1.15 MiB  application  [emitted] [dev]        application
                             manifest.json  364 bytes               [emitted]              
Entrypoint application = js/application-aff057760cc0d312d544.js js/application-aff057760cc0d312d544.js.map
[./app/javascript/channels sync recursive _channel\.js$] ./app/javascript/channels sync _channel\.js$ 160 bytes {application} [built]
[./app/javascript/channels/index.js] 211 bytes {application} [built]
[./app/javascript/packs/application.js] 549 bytes {application} [built]
[./app/javascript/stylesheets/application.scss] 664 bytes {application} [built]
[./node_modules/css-loader/dist/cjs.js?!./node_modules/postcss-loader/src/index.js?!./node_modules/sass-loader/dist/cjs.js?!./app/javascript/stylesheets/application.scss] ./node_modules/css-loader/dist/cjs.js??ref--6-1!./node_modules/postcss-loader/src??ref--6-2!./node_modules/sass-loader/dist/cjs.js??ref--6-3!./app/javascript/stylesheets/application.scss 708 KiB {application} [built]
[./node_modules/webpack/buildin/module.js] (webpack)/buildin/module.js 552 bytes {application} [built]
    + 64 hidden modules

  Rendered layout layouts/application.html.erb (Duration: 16827.0ms | Allocations: 12775)
Completed 200 OK in 16873ms (Views: 16749.6ms | ActiveRecord: 78.1ms | Allocations: 13307)


Started GET "/tweeets/1" for ::1 at 2021-06-21 20:25:08 +0100
Processing by TweeetsController#show as HTML
  Parameters: {"id"=>"1"}
  [1m[36mTweeet Load (0.8ms)[0m  [1m[34mSELECT "tweeets".* FROM "tweeets" WHERE "tweeets"."id" = $1 LIMIT $2[0m  [["id", 1], ["LIMIT", 1]]
  ↳ app/controllers/tweeets_controller.rb:62:in `set_tweeet'
  Rendering layout layouts/application.html.erb
  Rendering tweeets/show.html.erb within layouts/application
  Rendered tweeets/show.html.erb within layouts/application (Duration: 110.5ms | Allocations: 253)
[Webpacker] Everything's up-to-date. Nothing to do
  Rendered layout layouts/application.html.erb (Duration: 117.8ms | Allocations: 3267)
Completed 200 OK in 133ms (Views: 118.5ms | ActiveRecord: 1.8ms | Allocations: 4656)


Started GET "/tweeets/1" for ::1 at 2021-06-21 20:25:22 +0100
Processing by TweeetsController#show as HTML
  Parameters: {"id"=>"1"}
  [1m[36mTweeet Load (1.2ms)[0m  [1m[34mSELECT "tweeets".* FROM "tweeets" WHERE "tweeets"."id" = $1 LIMIT $2[0m  [["id", 1], ["LIMIT", 1]]
  ↳ app/controllers/tweeets_controller.rb:62:in `set_tweeet'
  Rendering layout layouts/application.html.erb
  Rendering tweeets/show.html.erb within layouts/application
  Rendered tweeets/show.html.erb within layouts/application (Duration: 1.3ms | Allocations: 239)
[Webpacker] Everything's up-to-date. Nothing to do
  Rendered layout layouts/application.html.erb (Duration: 10.3ms | Allocations: 3413)
Completed 200 OK in 19ms (Views: 12.6ms | ActiveRecord: 1.2ms | Allocations: 5197)


Started GET "/tweeets/1" for ::1 at 2021-06-21 20:31:11 +0100
Processing by TweeetsController#show as HTML
  Parameters: {"id"=>"1"}
  [1m[36mTweeet Load (8.8ms)[0m  [1m[34mSELECT "tweeets".* FROM "tweeets" WHERE "tweeets"."id" = $1 LIMIT $2[0m  [["id", 1], ["LIMIT", 1]]
  ↳ app/controllers/tweeets_controller.rb:62:in `set_tweeet'
  Rendering layout layouts/application.html.erb
  Rendering tweeets/show.html.erb within layouts/application
  Rendered tweeets/show.html.erb within layouts/application (Duration: 1.2ms | Allocations: 106)
[Webpacker] Everything's up-to-date. Nothing to do
  Rendered layout layouts/application.html.erb (Duration: 11.3ms | Allocations: 3111)
Completed 200 OK in 184ms (Views: 12.6ms | ActiveRecord: 89.0ms | Allocations: 7284)


